2026-04-06 17:36:17,971 | ERROR | - | src.app | Database initialization failed
Traceback (most recent call last):
  File "C:\DeltaX\Python Fullstack\FASTAPI\fast-api-auth\venv\Lib\site-packages\pymysql\connections.py", line 661, in connect
    sock = socket.create_connection(
        (self.host, self.port), self.connect_timeout, **kwargs
    )
  File "C:\Program Files\Python313\Lib\socket.py", line 864, in create_connection
    raise exceptions[0]
  File "C:\Program Files\Python313\Lib\socket.py", line 849, in create_connection
    sock.connect(sa)
    ~~~~~~~~~~~~^^^^
ConnectionRefusedError: [WinError 10061] No connection could be made because the target machine actively refused it

During handling of the above exception, another exception occurred:

Traceback (most recent call last):
  File "C:\DeltaX\Python Fullstack\FASTAPI\fast-api-auth\venv\Lib\site-packages\sqlalchemy\engine\base.py", line 143, in __init__
    self._dbapi_connection = engine.raw_connection()
                             ~~~~~~~~~~~~~~~~~~~~~^^
  File "C:\DeltaX\Python Fullstack\FASTAPI\fast-api-auth\venv\Lib\site-packages\sqlalchemy\engine\base.py", line 3317, in raw_connection
    return self.pool.connect()
           ~~~~~~~~~~~~~~~~~^^
  File "C:\DeltaX\Python Fullstack\FASTAPI\fast-api-auth\venv\Lib\site-packages\sqlalchemy\pool\base.py", line 448, in connect
    return _ConnectionFairy._checkout(self)
           ~~~~~~~~~~~~~~~~~~~~~~~~~~^^^^^^
  File "C:\DeltaX\Python Fullstack\FASTAPI\fast-api-auth\venv\Lib\site-packages\sqlalchemy\pool\base.py", line 1272, in _checkout
    fairy = _ConnectionRecord.checkout(pool)
  File "C:\DeltaX\Python Fullstack\FASTAPI\fast-api-auth\venv\Lib\site-packages\sqlalchemy\pool\base.py", line 712, in checkout
    rec = pool._do_get()
  File "C:\DeltaX\Python Fullstack\FASTAPI\fast-api-auth\venv\Lib\site-packages\sqlalchemy\pool\impl.py", line 177, in _do_get
    with util.safe_reraise():
         ~~~~~~~~~~~~~~~~~^^
  File "C:\DeltaX\Python Fullstack\FASTAPI\fast-api-auth\venv\Lib\site-packages\sqlalchemy\util\langhelpers.py", line 121, in __exit__
    raise exc_value.with_traceback(exc_tb)
  File "C:\DeltaX\Python Fullstack\FASTAPI\fast-api-auth\venv\Lib\site-packages\sqlalchemy\pool\impl.py", line 175, in _do_get
    return self._create_connection()
           ~~~~~~~~~~~~~~~~~~~~~~~^^
  File "C:\DeltaX\Python Fullstack\FASTAPI\fast-api-auth\venv\Lib\site-packages\sqlalchemy\pool\base.py", line 389, in _create_connection
    return _ConnectionRecord(self)
  File "C:\DeltaX\Python Fullstack\FASTAPI\fast-api-auth\venv\Lib\site-packages\sqlalchemy\pool\base.py", line 674, in __init__
    self.__connect()
    ~~~~~~~~~~~~~~^^
  File "C:\DeltaX\Python Fullstack\FASTAPI\fast-api-auth\venv\Lib\site-packages\sqlalchemy\pool\base.py", line 900, in __connect
    with util.safe_reraise():
         ~~~~~~~~~~~~~~~~~^^
  File "C:\DeltaX\Python Fullstack\FASTAPI\fast-api-auth\venv\Lib\site-packages\sqlalchemy\util\langhelpers.py", line 121, in __exit__
    raise exc_value.with_traceback(exc_tb)
  File "C:\DeltaX\Python Fullstack\FASTAPI\fast-api-auth\venv\Lib\site-packages\sqlalchemy\pool\base.py", line 896, in __connect
    self.dbapi_connection = connection = pool._invoke_creator(self)
                                         ~~~~~~~~~~~~~~~~~~~~^^^^^^
  File "C:\DeltaX\Python Fullstack\FASTAPI\fast-api-auth\venv\Lib\site-packages\sqlalchemy\engine\create.py", line 667, in connect
    return dialect.connect(*cargs_tup, **cparams)
           ~~~~~~~~~~~~~~~^^^^^^^^^^^^^^^^^^^^^^^
  File "C:\DeltaX\Python Fullstack\FASTAPI\fast-api-auth\venv\Lib\site-packages\sqlalchemy\engine\default.py", line 630, in connect
    return self.loaded_dbapi.connect(*cargs, **cparams)  # type: ignore[no-any-return]  # NOQA: E501
           ~~~~~~~~~~~~~~~~~~~~~~~~~^^^^^^^^^^^^^^^^^^^
  File "C:\DeltaX\Python Fullstack\FASTAPI\fast-api-auth\venv\Lib\site-packages\pymysql\connections.py", line 365, in __init__
    self.connect()
    ~~~~~~~~~~~~^^
  File "C:\DeltaX\Python Fullstack\FASTAPI\fast-api-auth\venv\Lib\site-packages\pymysql\connections.py", line 723, in connect
    raise exc
pymysql.err.OperationalError: (2003, "Can't connect to MySQL server on 'localhost' ([WinError 10061] No connection could be made because the target machine actively refused it)")

The above exception was the direct cause of the following exception:

Traceback (most recent call last):
  File "C:\DeltaX\Python Fullstack\FASTAPI\fast-api-auth\src\app.py", line 29, in lifespan
    Base.metadata.create_all(bind=engine)
    ~~~~~~~~~~~~~~~~~~~~~~~~^^^^^^^^^^^^^
  File "C:\DeltaX\Python Fullstack\FASTAPI\fast-api-auth\venv\Lib\site-packages\sqlalchemy\sql\schema.py", line 5928, in create_all
    bind._run_ddl_visitor(
    ~~~~~~~~~~~~~~~~~~~~~^
        ddl.SchemaGenerator, self, checkfirst=checkfirst, tables=tables
        ^^^^^^^^^^^^^^^^^^^^^^^^^^^^^^^^^^^^^^^^^^^^^^^^^^^^^^^^^^^^^^^
    )
    ^
  File "C:\DeltaX\Python Fullstack\FASTAPI\fast-api-auth\venv\Lib\site-packages\sqlalchemy\engine\base.py", line 3267, in _run_ddl_visitor
    with self.begin() as conn:
         ~~~~~~~~~~^^
  File "C:\Program Files\Python313\Lib\contextlib.py", line 141, in __enter__
    return next(self.gen)
  File "C:\DeltaX\Python Fullstack\FASTAPI\fast-api-auth\venv\Lib\site-packages\sqlalchemy\engine\base.py", line 3257, in begin
    with self.connect() as conn:
         ~~~~~~~~~~~~^^
  File "C:\DeltaX\Python Fullstack\FASTAPI\fast-api-auth\venv\Lib\site-packages\sqlalchemy\engine\base.py", line 3293, in connect
    return self._connection_cls(self)
           ~~~~~~~~~~~~~~~~~~~~^^^^^^
  File "C:\DeltaX\Python Fullstack\FASTAPI\fast-api-auth\venv\Lib\site-packages\sqlalchemy\engine\base.py", line 145, in __init__
    Connection._handle_dbapi_exception_noconnection(
    ~~~~~~~~~~~~~~~~~~~~~~~~~~~~~~~~~~~~~~~~~~~~~~~^
        err, dialect, engine
        ^^^^^^^^^^^^^^^^^^^^
    )
    ^
  File "C:\DeltaX\Python Fullstack\FASTAPI\fast-api-auth\venv\Lib\site-packages\sqlalchemy\engine\base.py", line 2448, in _handle_dbapi_exception_noconnection
    raise sqlalchemy_exception.with_traceback(exc_info[2]) from e
  File "C:\DeltaX\Python Fullstack\FASTAPI\fast-api-auth\venv\Lib\site-packages\sqlalchemy\engine\base.py", line 143, in __init__
    self._dbapi_connection = engine.raw_connection()
                             ~~~~~~~~~~~~~~~~~~~~~^^
  File "C:\DeltaX\Python Fullstack\FASTAPI\fast-api-auth\venv\Lib\site-packages\sqlalchemy\engine\base.py", line 3317, in raw_connection
    return self.pool.connect()
           ~~~~~~~~~~~~~~~~~^^
  File "C:\DeltaX\Python Fullstack\FASTAPI\fast-api-auth\venv\Lib\site-packages\sqlalchemy\pool\base.py", line 448, in connect
    return _ConnectionFairy._checkout(self)
           ~~~~~~~~~~~~~~~~~~~~~~~~~~^^^^^^
  File "C:\DeltaX\Python Fullstack\FASTAPI\fast-api-auth\venv\Lib\site-packages\sqlalchemy\pool\base.py", line 1272, in _checkout
    fairy = _ConnectionRecord.checkout(pool)
  File "C:\DeltaX\Python Fullstack\FASTAPI\fast-api-auth\venv\Lib\site-packages\sqlalchemy\pool\base.py", line 712, in checkout
    rec = pool._do_get()
  File "C:\DeltaX\Python Fullstack\FASTAPI\fast-api-auth\venv\Lib\site-packages\sqlalchemy\pool\impl.py", line 177, in _do_get
    with util.safe_reraise():
         ~~~~~~~~~~~~~~~~~^^
  File "C:\DeltaX\Python Fullstack\FASTAPI\fast-api-auth\venv\Lib\site-packages\sqlalchemy\util\langhelpers.py", line 121, in __exit__
    raise exc_value.with_traceback(exc_tb)
  File "C:\DeltaX\Python Fullstack\FASTAPI\fast-api-auth\venv\Lib\site-packages\sqlalchemy\pool\impl.py", line 175, in _do_get
    return self._create_connection()
           ~~~~~~~~~~~~~~~~~~~~~~~^^
  File "C:\DeltaX\Python Fullstack\FASTAPI\fast-api-auth\venv\Lib\site-packages\sqlalchemy\pool\base.py", line 389, in _create_connection
    return _ConnectionRecord(self)
  File "C:\DeltaX\Python Fullstack\FASTAPI\fast-api-auth\venv\Lib\site-packages\sqlalchemy\pool\base.py", line 674, in __init__
    self.__connect()
    ~~~~~~~~~~~~~~^^
  File "C:\DeltaX\Python Fullstack\FASTAPI\fast-api-auth\venv\Lib\site-packages\sqlalchemy\pool\base.py", line 900, in __connect
    with util.safe_reraise():
         ~~~~~~~~~~~~~~~~~^^
  File "C:\DeltaX\Python Fullstack\FASTAPI\fast-api-auth\venv\Lib\site-packages\sqlalchemy\util\langhelpers.py", line 121, in __exit__
    raise exc_value.with_traceback(exc_tb)
  File "C:\DeltaX\Python Fullstack\FASTAPI\fast-api-auth\venv\Lib\site-packages\sqlalchemy\pool\base.py", line 896, in __connect
    self.dbapi_connection = connection = pool._invoke_creator(self)
                                         ~~~~~~~~~~~~~~~~~~~~^^^^^^
  File "C:\DeltaX\Python Fullstack\FASTAPI\fast-api-auth\venv\Lib\site-packages\sqlalchemy\engine\create.py", line 667, in connect
    return dialect.connect(*cargs_tup, **cparams)
           ~~~~~~~~~~~~~~~^^^^^^^^^^^^^^^^^^^^^^^
  File "C:\DeltaX\Python Fullstack\FASTAPI\fast-api-auth\venv\Lib\site-packages\sqlalchemy\engine\default.py", line 630, in connect
    return self.loaded_dbapi.connect(*cargs, **cparams)  # type: ignore[no-any-return]  # NOQA: E501
           ~~~~~~~~~~~~~~~~~~~~~~~~~^^^^^^^^^^^^^^^^^^^
  File "C:\DeltaX\Python Fullstack\FASTAPI\fast-api-auth\venv\Lib\site-packages\pymysql\connections.py", line 365, in __init__
    self.connect()
    ~~~~~~~~~~~~^^
  File "C:\DeltaX\Python Fullstack\FASTAPI\fast-api-auth\venv\Lib\site-packages\pymysql\connections.py", line 723, in connect
    raise exc
sqlalchemy.exc.OperationalError: (pymysql.err.OperationalError) (2003, "Can't connect to MySQL server on 'localhost' ([WinError 10061] No connection could be made because the target machine actively refused it)")
(Background on this error at: https://sqlalche.me/e/20/e3q8)
2026-04-07 09:34:03,112 | ERROR | 661db2ec-17e6-4080-9921-bafb4e93b6b4 | src.utils.middleware | Request failed | method=POST path=/auth/login duration_ms=143.96
Traceback (most recent call last):
  File "C:\DeltaX\Python Fullstack\FASTAPI\fast-api-auth\venv\Lib\site-packages\starlette\_exception_handler.py", line 42, in wrapped_app
    await app(scope, receive, sender)
  File "C:\DeltaX\Python Fullstack\FASTAPI\fast-api-auth\venv\Lib\site-packages\fastapi\routing.py", line 120, in app
    response = await f(request)
               ^^^^^^^^^^^^^^^^
  File "C:\DeltaX\Python Fullstack\FASTAPI\fast-api-auth\venv\Lib\site-packages\fastapi\routing.py", line 723, in app
    raise validation_error
fastapi.exceptions.RequestValidationError: 1 validation error:
  {'type': 'model_attributes_type', 'loc': ('body',), 'msg': 'Input should be a valid dictionary or object to extract fields from', 'input': b'grant_type=password&username=user1%40example.com&password=user1%40pass'}

  File "C:\DeltaX\Python Fullstack\FASTAPI\fast-api-auth\src\routes\auth_routes.py", line 32, in login
    POST /auth/login

The above exception was the direct cause of the following exception:

Traceback (most recent call last):
  File "C:\DeltaX\Python Fullstack\FASTAPI\fast-api-auth\src\utils\middleware.py", line 22, in dispatch
    response = await call_next(request)
               ^^^^^^^^^^^^^^^^^^^^^^^^
  File "C:\DeltaX\Python Fullstack\FASTAPI\fast-api-auth\venv\Lib\site-packages\starlette\middleware\base.py", line 168, in call_next
    raise app_exc from app_exc.__cause__ or app_exc.__context__
  File "C:\DeltaX\Python Fullstack\FASTAPI\fast-api-auth\venv\Lib\site-packages\starlette\middleware\base.py", line 144, in coro
    await self.app(scope, receive_or_disconnect, send_no_error)
  File "C:\DeltaX\Python Fullstack\FASTAPI\fast-api-auth\venv\Lib\site-packages\starlette\middleware\exceptions.py", line 63, in __call__
    await wrap_app_handling_exceptions(self.app, conn)(scope, receive, send)
  File "C:\DeltaX\Python Fullstack\FASTAPI\fast-api-auth\venv\Lib\site-packages\starlette\_exception_handler.py", line 53, in wrapped_app
    raise exc
  File "C:\DeltaX\Python Fullstack\FASTAPI\fast-api-auth\venv\Lib\site-packages\starlette\_exception_handler.py", line 42, in wrapped_app
    await app(scope, receive, sender)
  File "C:\DeltaX\Python Fullstack\FASTAPI\fast-api-auth\venv\Lib\site-packages\fastapi\middleware\asyncexitstack.py", line 18, in __call__
    await self.app(scope, receive, send)
  File "C:\DeltaX\Python Fullstack\FASTAPI\fast-api-auth\venv\Lib\site-packages\starlette\routing.py", line 660, in __call__
    await self.middleware_stack(scope, receive, send)
  File "C:\DeltaX\Python Fullstack\FASTAPI\fast-api-auth\venv\Lib\site-packages\starlette\routing.py", line 680, in app
    await route.handle(scope, receive, send)
  File "C:\DeltaX\Python Fullstack\FASTAPI\fast-api-auth\venv\Lib\site-packages\starlette\routing.py", line 276, in handle
    await self.app(scope, receive, send)
  File "C:\DeltaX\Python Fullstack\FASTAPI\fast-api-auth\venv\Lib\site-packages\fastapi\routing.py", line 134, in app
    await wrap_app_handling_exceptions(app, request)(scope, receive, send)
  File "C:\DeltaX\Python Fullstack\FASTAPI\fast-api-auth\venv\Lib\site-packages\starlette\_exception_handler.py", line 59, in wrapped_app
    response = await handler(conn, exc)
               ^^^^^^^^^^^^^^^^^^^^^^^^
  File "C:\DeltaX\Python Fullstack\FASTAPI\fast-api-auth\src\utils\exception_handlers.py", line 54, in handle_validation_error
    return _error_response(
        request=request,
    ...<3 lines>...
        details=exc.errors(),
    )
  File "C:\DeltaX\Python Fullstack\FASTAPI\fast-api-auth\src\utils\exception_handlers.py", line 22, in _error_response
    return JSONResponse(
        status_code=status_code,
    ...<12 lines>...
        headers=headers,
    )
  File "C:\DeltaX\Python Fullstack\FASTAPI\fast-api-auth\venv\Lib\site-packages\starlette\responses.py", line 192, in __init__
    super().__init__(content, status_code, headers, media_type, background)
    ~~~~~~~~~~~~~~~~^^^^^^^^^^^^^^^^^^^^^^^^^^^^^^^^^^^^^^^^^^^^^^^^^^^^^^^
  File "C:\DeltaX\Python Fullstack\FASTAPI\fast-api-auth\venv\Lib\site-packages\starlette\responses.py", line 45, in __init__
    self.body = self.render(content)
                ~~~~~~~~~~~^^^^^^^^^
  File "C:\DeltaX\Python Fullstack\FASTAPI\fast-api-auth\venv\Lib\site-packages\starlette\responses.py", line 195, in render
    return json.dumps(
           ~~~~~~~~~~^
        content,
        ^^^^^^^^
    ...<3 lines>...
        separators=(",", ":"),
        ^^^^^^^^^^^^^^^^^^^^^^
    ).encode("utf-8")
    ^
  File "C:\Program Files\Python313\Lib\json\__init__.py", line 242, in dumps
    **kw).encode(obj)
          ~~~~~~^^^^^
  File "C:\Program Files\Python313\Lib\json\encoder.py", line 202, in encode
    chunks = self.iterencode(o, _one_shot=True)
  File "C:\Program Files\Python313\Lib\json\encoder.py", line 263, in iterencode
    return _iterencode(o, 0)
  File "C:\Program Files\Python313\Lib\json\encoder.py", line 182, in default
    raise TypeError(f'Object of type {o.__class__.__name__} '
                    f'is not JSON serializable')
TypeError: Object of type bytes is not JSON serializable
